This is pdfTeX, Version 3.141592653-2.6-1.40.24 (TeX Live 2022) (preloaded format=pdflatex 2022.11.5)  6 NOV 2022 22:31
entering extended mode
 restricted \write18 enabled.
 file:line:error style messages enabled.
 %&-line parsing enabled.
**Project.tex
(./Project.tex
LaTeX2e <2022-11-01>
L3 programming layer <2022-11-02>

! LaTeX Error: File `/D:/Users/corsair-dragon/Documents/Github - Mario/CelaCela
Cogollo/RASD/LaTeXCode/src/Configuration_Files/PoliMi3i_thesis.cls' not found.

Type X to quit or <RETURN> to proceed,
or enter new name. (Default extension: cls)

Enter file name: 
./Project.tex:12: Emergency stop.
<read *> 
         
l.12 ^^M
        
*** (cannot \read from terminal in nonstop modes)

 
Here is how much of TeX's memory you used:
 25 strings out of 474971
 997 string characters out of 5769642
 342397 words of memory out of 5000000
 21624 multiletter control sequences out of 15000+600000
 469259 words of font info for 28 fonts, out of 8000000 for 9000
 1141 hyphenation exceptions out of 8191
 19i,0n,29p,151b,17s stack positions out of 10000i,1000n,20000p,200000b,200000s
./Project.tex:12:  ==> Fatal error occurred, no output PDF file produced!
